#
# There is insufficient memory for the Java Runtime Environment to continue.
# Native memory allocation (malloc) failed to allocate 1048576 bytes for AllocateHeap
# Possible reasons:
#   The system is out of physical RAM or swap space
#   In 32 bit mode, the process size limit was hit
# Possible solutions:
#   Reduce memory load on the system
#   Increase physical memory or swap space
#   Check if swap backing store is full
#   Use 64 bit Java on a 64 bit OS
#   Decrease Java heap size (-Xmx/-Xms)
#   Decrease number of Java threads
#   Decrease Java thread stack sizes (-Xss)
#   Set larger code cache with -XX:ReservedCodeCacheSize=
# This output file may be truncated or incomplete.
#
#  Out of Memory Error (memory/allocation.inline.hpp:61), pid=14724, tid=0x0000000000001320
#
# JRE version:  (8.0) (build )
# Java VM: OpenJDK 64-Bit Server VM (25.71-b00 mixed mode windows-amd64 compressed oops)
# Failed to write core dump. Minidumps are not enabled by default on client versions of Windows
#

---------------  T H R E A D  ---------------

Current thread (0x0000000002dce000):  JavaThread "Unknown thread" [_thread_in_vm, id=4896, stack(0x0000000002ed0000,0x0000000002fd0000)]

Stack: [0x0000000002ed0000,0x0000000002fd0000]
[error occurred during error reporting (printing stack bounds), id 0xc0000005]

Native frames: (J=compiled Java code, j=interpreted, Vv=VM code, C=native code)


---------------  P R O C E S S  ---------------

Java Threads: ( => current thread )

Other Threads:

=>0x0000000002dce000 (exited) JavaThread "Unknown thread" [_thread_in_vm, id=4896, stack(0x0000000002ed0000,0x0000000002fd0000)]

VM state:not at safepoint (normal execution)

VM Mutex/Monitor currently owned by a thread: None

Heap:
 PSYoungGen      total 38400K, used 665K [0x00000000d5d00000, 0x00000000d8780000, 0x0000000100000000)
  eden space 33280K, 2% used [0x00000000d5d00000,0x00000000d5da6670,0x00000000d7d80000)
  from space 5120K, 0% used [0x00000000d8280000,0x00000000d8280000,0x00000000d8780000)
  to   space 5120K, 0% used [0x00000000d7d80000,0x00000000d7d80000,0x00000000d8280000)
 ParOldGen       total 87552K, used 0K [0x0000000081600000, 0x0000000086b80000, 0x00000000d5d00000)
  object space 87552K, 0% used [0x0000000081600000,0x0000000081600000,0x0000000086b80000)
 Metaspace       used 772K, capacity 4480K, committed 4480K, reserved 1056768K
  class space    used 73K, capacity 384K, committed 384K, reserved 1048576K

Card table byte_map: [0x0000000012490000,0x0000000012890000] byte_map_base: 0x0000000012085000

Marking Bits: (ParMarkBitMap*) 0x000000006d3d5aa0
 Begin Bits: [0x0000000012f40000, 0x0000000014ee8000)
 End Bits:   [0x0000000014ee8000, 0x0000000016e90000)

Polling page: 0x0000000001520000

CodeCache: size=245760Kb used=328Kb max_used=328Kb free=245431Kb
 bounds [0x00000000030d0000, 0x0000000003340000, 0x00000000120d0000]
 total_blobs=57 nmethods=0 adapters=38
 compilation: enabled

Compilation events (0 events):
No events

GC Heap History (0 events):
No events

Deoptimization events (0 events):
No events

Classes redefined (0 events):
No events

Internal exceptions (0 events):
No events

Events (10 events):
Event: 0.062 loading class java/lang/Short
Event: 0.062 loading class java/lang/Short done
Event: 0.062 loading class java/lang/Integer
Event: 0.063 loading class java/lang/Integer done
Event: 0.063 loading class java/lang/Long
Event: 0.063 loading class java/lang/Long done
Event: 0.064 loading class java/lang/NullPointerException
Event: 0.064 loading class java/lang/NullPointerException done
Event: 0.064 loading class java/lang/ArithmeticException
Event: 0.064 loading class java/lang/ArithmeticException done


Dynamic libraries:
0x00007ff7a5fb0000 - 0x00007ff7a5fe5000 	C:\Program Files\Android\jdk\microsoft_dist_openjdk_1.8.0.9\bin\java.exe
0x00007ffc50ce0000 - 0x00007ffc50ec1000 	C:\WINDOWS\SYSTEM32\ntdll.dll
0x00007ffc4e750000 - 0x00007ffc4e801000 	C:\WINDOWS\System32\KERNEL32.DLL
0x00007ffc4db50000 - 0x00007ffc4ddc3000 	C:\WINDOWS\System32\KERNELBASE.dll
0x00007ffc50bf0000 - 0x00007ffc50c91000 	C:\WINDOWS\System32\ADVAPI32.dll
0x00007ffc4e260000 - 0x00007ffc4e2fe000 	C:\WINDOWS\System32\msvcrt.dll
0x00007ffc4f380000 - 0x00007ffc4f3db000 	C:\WINDOWS\System32\sechost.dll
0x00007ffc4f440000 - 0x00007ffc4f564000 	C:\WINDOWS\System32\RPCRT4.dll
0x00007ffc4e930000 - 0x00007ffc4eac0000 	C:\WINDOWS\System32\USER32.dll
0x00007ffc4da40000 - 0x00007ffc4da60000 	C:\WINDOWS\System32\win32u.dll
0x00007ffc4e310000 - 0x00007ffc4e338000 	C:\WINDOWS\System32\GDI32.dll
0x00007ffc4d8a0000 - 0x00007ffc4da32000 	C:\WINDOWS\System32\gdi32full.dll
0x00007ffc4dab0000 - 0x00007ffc4db4f000 	C:\WINDOWS\System32\msvcp_win.dll
0x00007ffc4e070000 - 0x00007ffc4e168000 	C:\WINDOWS\System32\ucrtbase.dll
0x00007ffc45910000 - 0x00007ffc45b79000 	C:\WINDOWS\WinSxS\amd64_microsoft.windows.common-controls_6595b64144ccf1df_6.0.17134.706_none_fb43a2cb30647007\COMCTL32.dll
0x00007ffc4e340000 - 0x00007ffc4e662000 	C:\WINDOWS\System32\combase.dll
0x00007ffc4d7c0000 - 0x00007ffc4d83a000 	C:\WINDOWS\System32\bcryptPrimitives.dll
0x00007ffc4f780000 - 0x00007ffc4f7ad000 	C:\WINDOWS\System32\IMM32.DLL
0x000000006d460000 - 0x000000006d531000 	C:\Program Files\Android\jdk\microsoft_dist_openjdk_1.8.0.9\jre\bin\msvcr100.dll
0x000000006cc10000 - 0x000000006d451000 	C:\Program Files\Android\jdk\microsoft_dist_openjdk_1.8.0.9\jre\bin\server\jvm.dll
0x00007ffc50ca0000 - 0x00007ffc50ca8000 	C:\WINDOWS\System32\PSAPI.DLL
0x00007ffc480f0000 - 0x00007ffc480f9000 	C:\WINDOWS\SYSTEM32\WSOCK32.dll
0x00007ffc4e8c0000 - 0x00007ffc4e92c000 	C:\WINDOWS\System32\WS2_32.dll
0x00007ffc46f30000 - 0x00007ffc46f53000 	C:\WINDOWS\SYSTEM32\WINMM.dll
0x00007ffc4bc10000 - 0x00007ffc4bc1a000 	C:\WINDOWS\SYSTEM32\VERSION.dll
0x00007ffc46f00000 - 0x00007ffc46f2a000 	C:\WINDOWS\SYSTEM32\WINMMBASE.dll
0x00007ffc4da60000 - 0x00007ffc4daa9000 	C:\WINDOWS\System32\cfgmgr32.dll
0x00007ffc44ce0000 - 0x00007ffc44cef000 	C:\Program Files\Android\jdk\microsoft_dist_openjdk_1.8.0.9\jre\bin\verify.dll
0x00007ffc40b60000 - 0x00007ffc40b89000 	C:\Program Files\Android\jdk\microsoft_dist_openjdk_1.8.0.9\jre\bin\java.dll
0x00007ffc40f60000 - 0x00007ffc40f76000 	C:\Program Files\Android\jdk\microsoft_dist_openjdk_1.8.0.9\jre\bin\zip.dll

VM Arguments:
java_command: <unknown>
java_class_path (initial): .
Launcher Type: SUN_STANDARD

Environment Variables:
PATH=C:\Program Files\Android\jdk\microsoft_dist_openjdk_1.8.0.9\bin;C:\Program Files (x86)\Common Files\Oracle\Java\javapath;C:\WINDOWS\system32;C:\WINDOWS;C:\WINDOWS\System32\Wbem;C:\WINDOWS\System32\WindowsPowerShell\v1.0\;C:\Program Files\dotnet\;C:\WINDOWS\System32\OpenSSH\;C:\Program Files\Microsoft SQL Server\130\Tools\Binn\;C:\Users\lotziko\AppData\Local\Microsoft\WindowsApps;C:\Users\lotziko\AppData\Local\GitHubDesktop\bin;C:\Users\lotziko\.dotnet\tools;C:\Users\lotziko\Dropbox\university\CourseWork\packages\jQuery.3.3.1\tools;C:\Users\lotziko\Dropbox\university\CourseWork\packages\Modernizr.2.8.3\tools;C:\Users\lotziko\Dropbox\university\CourseWork\packages\EntityFramework.6.2.0\tools;C:\Users\lotziko\Dropbox\university\CourseWork\packages\WebGrease.1.6.0\tools;C:\Users\lotziko\Dropbox\university\CourseWork\packages\Microsoft.CodeDom.Providers.DotNetCompilerPlatform.2.0.0\tools
USERNAME=lotziko
OS=Windows_NT
PROCESSOR_IDENTIFIER=Intel64 Family 6 Model 61 Stepping 4, GenuineIntel



---------------  S Y S T E M  ---------------

OS: Windows 10.0 , 64 bit Build 17134 (10.0.17134.706)

CPU:total 4 (initial active 4) (2 cores per cpu, 2 threads per core) family 6 model 61 stepping 4, cmov, cx8, fxsr, mmx, sse, sse2, sse3, ssse3, sse4.1, sse4.2, popcnt, avx, avx2, aes, clmul, erms, 3dnowpref, lzcnt, ht, tsc, tscinvbit, bmi1, bmi2, adx

Memory: 4k page, physical 8296488k(1402636k free), swap 10393640k(4728k free)

vm_info: OpenJDK 64-Bit Server VM (25.71-b00) for windows-amd64 JRE (1.8.0-9-microsoft-b00), built on Jul 24 2018 20:49:06 by "azure-builder" with MS VC++ 10.0 (VS2010)

time: Fri Apr 12 14:50:19 2019
elapsed time: 0 seconds (0d 0h 0m 0s)

